<?xml version="1.0" encoding="UTF-8"?>
<!-- Generated by org.testng.reporters.JUnitReportReporter -->
<testsuite hostname="LTIN214941" failures="0" tests="1" name="org.example.runner.RunnerTest" time="24.185" errors="0" timestamp="2022-05-03T13:11:41 IST" skipped="0">
  <testcase classname="org.example.runner.RunnerTest" name="runScenario" time="24.185"/>
  <system-out/>
</testsuite> <!-- org.example.runner.RunnerTest -->
