<?xml version="1.0" encoding="UTF-8"?>
<!-- Generated by org.testng.reporters.JUnitReportReporter -->
<testsuite hostname="LTIN214941" failures="0" tests="1" name="org.example.TestCases" time="3.304" errors="0" timestamp="2022-05-02T21:52:01 IST" skipped="0">
  <testcase classname="org.example.TestCases" name="Case_001" time="3.304"/>
  <system-out/>
</testsuite> <!-- org.example.TestCases -->
