<?xml version="1.0" encoding="UTF-8"?>
<!-- Generated by org.testng.reporters.JUnitReportReporter -->
<testsuite skipped="0" hostname="LTIN214941" name="org.example.runner.RunnerTest" tests="2" failures="0" timestamp="2023-05-07T10:43:05 IST" time="19.179" errors="0">
  <testcase name="runScenario" time="13.196" classname="org.example.runner.RunnerTest"/>
  <system-out/>
  <testcase name="runScenario" time="5.983" classname="org.example.runner.RunnerTest"/>
  <system-out/>
</testsuite> <!-- org.example.runner.RunnerTest -->
