<?xml version="1.0" encoding="UTF-8"?>
<!-- Generated by org.testng.reporters.JUnitReportReporter -->
<testsuite skipped="0" hostname="LTIN214941" name="org.example.runner.RunnerTest" tests="1" failures="0" timestamp="2023-03-01T21:38:13 IST" time="28.420" errors="0">
  <testcase name="runScenario" time="28.420" classname="org.example.runner.RunnerTest"/>
  <system-out/>
</testsuite> <!-- org.example.runner.RunnerTest -->
