<?xml version="1.0" encoding="UTF-8"?>
<!-- Generated by org.testng.reporters.JUnitReportReporter -->
<testsuite hostname="LTIN214941" failures="0" tests="1" name="org.example.TestCases" time="2.753" errors="0" timestamp="2022-05-02T14:13:16 IST" skipped="0">
  <testcase classname="org.example.TestCases" name="Case_001" time="2.753"/>
  <system-out/>
</testsuite> <!-- org.example.TestCases -->
