<?xml version="1.0" encoding="UTF-8"?>
<!-- Generated by org.testng.reporters.JUnitReportReporter -->
<testsuite skipped="0" hostname="LTIN214941" name="org.example.runner.RunnerTest" tests="2" failures="0" timestamp="2023-05-05T14:27:12 IST" time="15.315" errors="0">
  <testcase name="runScenario" time="7.330" classname="org.example.runner.RunnerTest"/>
  <system-out/>
  <testcase name="runScenario" time="7.985" classname="org.example.runner.RunnerTest"/>
  <system-out/>
</testsuite> <!-- org.example.runner.RunnerTest -->
